<?xml version="1.0" encoding="UTF-8"?>
<!-- Generated by org.testng.reporters.JUnitXMLReporter -->
<testsuite ignored="0" hostname="DESKTOP-Q69DOOS" failures="0" tests="3" name="ParallelGridTests" time="3.916" errors="0" timestamp="2025-10-16T13:57:17 IST">
  <testcase classname="com.example.tests.GridTest" name="openExampleDotCom" time="2.543"/>
  <testcase classname="com.example.tests.GridTest" name="openExampleDotCom" time="3.706"/>
  <testcase classname="com.example.tests.GridTest" name="openExampleDotCom" time="3.885"/>
</testsuite> <!-- ParallelGridTests -->
