<?xml version="1.0" encoding="UTF-8"?>
<!-- Generated by org.testng.reporters.JUnitXMLReporter -->
<testsuite ignored="0" hostname="DESKTOP-Q69DOOS" failures="0" tests="3" name="AmazonParallelBrowsers" time="16.8" errors="0" timestamp="2025-10-16T15:38:11 IST">
  <testcase classname="com.example.tests.AmazonTest" name="testAmazonSearch" time="14.354"/>
  <testcase classname="com.example.tests.AmazonTest" name="testAmazonSearch" time="15.47"/>
  <testcase classname="com.example.tests.AmazonTest" name="testAmazonSearch" time="16.768"/>
</testsuite> <!-- AmazonParallelBrowsers -->
