<?xml version="1.0" encoding="UTF-8"?>
<testng-results ignored="0" total="3" passed="3" failed="0" skipped="0">
  <reporter-output>
  </reporter-output>
  <suite started-at="2025-10-16T15:37:55 IST" name="AmazonSuite" finished-at="2025-10-16T15:38:11 IST" duration-ms="16800">
    <groups>
    </groups>
    <test started-at="2025-10-16T15:37:55 IST" name="AmazonParallelBrowsers" finished-at="2025-10-16T15:38:11 IST" duration-ms="16800">
      <class name="com.example.tests.AmazonTest">
        <test-method signature="testAmazonSearch(java.lang.String)[pri:0, instance:com.example.tests.AmazonTest@1d2adfbe]" started-at="2025-10-16T15:37:55 IST" name="testAmazonSearch" data-provider="browsers" finished-at="2025-10-16T15:38:09 IST" duration-ms="14354" status="PASS">
          <params>
            <param index="0">
              <value>
                <![CDATA[firefox]]>
              </value>
            </param>
          </params>
          <reporter-output>
          </reporter-output>
        </test-method> <!-- testAmazonSearch -->
        <test-method signature="testAmazonSearch(java.lang.String)[pri:0, instance:com.example.tests.AmazonTest@1d2adfbe]" started-at="2025-10-16T15:37:55 IST" name="testAmazonSearch" data-provider="browsers" finished-at="2025-10-16T15:38:10 IST" duration-ms="15470" status="PASS">
          <params>
            <param index="0">
              <value>
                <![CDATA[chrome]]>
              </value>
            </param>
          </params>
          <reporter-output>
          </reporter-output>
        </test-method> <!-- testAmazonSearch -->
        <test-method signature="testAmazonSearch(java.lang.String)[pri:0, instance:com.example.tests.AmazonTest@1d2adfbe]" started-at="2025-10-16T15:37:55 IST" name="testAmazonSearch" data-provider="browsers" finished-at="2025-10-16T15:38:11 IST" duration-ms="16768" status="PASS">
          <params>
            <param index="0">
              <value>
                <![CDATA[edge]]>
              </value>
            </param>
          </params>
          <reporter-output>
          </reporter-output>
        </test-method> <!-- testAmazonSearch -->
      </class> <!-- com.example.tests.AmazonTest -->
    </test> <!-- AmazonParallelBrowsers -->
  </suite> <!-- AmazonSuite -->
</testng-results>
